2025-07-15 09:14:30,980 - INFO - Model training initialized ...
2025-07-15 09:14:31,178 - INFO - Data load sucessfully for model training 
2025-07-15 09:14:31,247 - INFO - Succesfuly read the yaml filie
2025-07-15 09:14:31,247 - INFO - Loaded configuration from config.yaml
2025-07-15 09:14:31,475 - INFO - Model created Sucesfully ...
2025-07-15 09:15:31,284 - INFO - Model training completed
2025-07-15 09:15:31,284 - WARNING - You are saving your model as an HDF5 file via `model.save()` or `keras.saving.save_model(model)`. This file format is considered legacy. We recommend using instead the native Keras format, e.g. `model.save('my_model.keras')` or `keras.saving.save_model(model, 'my_model.keras')`. 
2025-07-15 09:15:31,316 - INFO - Model save to artifacts/model\model.h5
2025-07-15 09:15:31,316 - ERROR - ModelTraining.extract_weigths() takes 2 positional arguments but 3 were given
2025-07-15 09:15:31,316 - ERROR - Error in C:\Users\Admin\Desktop\MLOPS-PROJECT-2\src\model_training.py , line 106 : Error during model training
2025-07-15 09:30:56,593 - INFO - Model training initialized ...
2025-07-15 09:30:56,654 - INFO - Data load sucessfully for model training 
2025-07-15 09:30:56,680 - INFO - Succesfuly read the yaml filie
2025-07-15 09:30:56,680 - INFO - Loaded configuration from config.yaml
2025-07-15 09:30:56,763 - INFO - Model created Sucesfully ...
2025-07-15 09:31:55,436 - INFO - Model training completed
2025-07-15 09:31:55,436 - WARNING - You are saving your model as an HDF5 file via `model.save()` or `keras.saving.save_model(model)`. This file format is considered legacy. We recommend using instead the native Keras format, e.g. `model.save('my_model.keras')` or `keras.saving.save_model(model, 'my_model.keras')`. 
2025-07-15 09:31:55,509 - INFO - Model save to artifacts/model\model.h5
2025-07-15 09:31:55,511 - INFO - Extracting weights for {name}
2025-07-15 09:31:55,523 - INFO - Extracting weights for {name}
2025-07-15 09:31:55,529 - INFO - User and anime weights are saved succesfully
2025-07-15 09:50:36,014 - INFO - Model training & Comet ML initialized ...
2025-07-15 09:50:36,155 - INFO - Data load sucessfully for model training 
2025-07-15 09:50:36,225 - INFO - Succesfuly read the yaml filie
2025-07-15 09:50:36,225 - INFO - Loaded configuration from config.yaml
2025-07-15 09:50:38,128 - INFO - Model created Sucesfully ...
2025-07-15 09:51:41,254 - INFO - Model training completed
2025-07-15 09:51:41,254 - WARNING - You are saving your model as an HDF5 file via `model.save()` or `keras.saving.save_model(model)`. This file format is considered legacy. We recommend using instead the native Keras format, e.g. `model.save('my_model.keras')` or `keras.saving.save_model(model, 'my_model.keras')`. 
2025-07-15 09:51:41,322 - INFO - Model save to artifacts/model\model.h5
2025-07-15 09:51:41,324 - INFO - Extracting weights for {name}
2025-07-15 09:51:41,333 - INFO - Extracting weights for {name}
2025-07-15 09:51:41,388 - INFO - User and anime weights are saved succesfully
2025-07-15 15:53:30,257 - INFO - DataProcessing Initialized
2025-07-15 15:53:32,239 - INFO - Data loaded succesfully for Data Processing
2025-07-15 15:53:32,521 - INFO - Filtered user sucessfully...
2025-07-15 15:53:34,588 - INFO - Scaling done for Processing 
2025-07-15 15:53:34,908 - INFO - Encoding done for Users and Anime
2025-07-15 15:53:35,860 - INFO - Data splitted sucesfully
2025-07-15 15:53:35,894 - INFO - user2user_encoded saved sucesfully in processed directory
2025-07-15 15:53:35,919 - INFO - user2user_decoded saved sucesfully in processed directory
2025-07-15 15:53:36,036 - INFO - anime2anime_encoded saved sucesfully in processed directory
2025-07-15 15:53:36,153 - INFO - anime2anime_decoded saved sucesfully in processed directory
2025-07-15 15:53:45,007 - INFO - All the training data as well as rating_df is saved now...
2025-07-15 15:54:09,246 - INFO - DF and SYNOPSIS_DF saved sucesfully...
2025-07-15 15:54:09,250 - INFO - Data Processing Pipeline Run sucesfully ....
2025-07-15 15:54:18,143 - INFO - Model training & Comet ML initialized ...
2025-07-15 15:54:18,433 - INFO - Data load sucessfully for model training 
2025-07-15 15:54:19,617 - INFO - Succesfuly read the yaml filie
2025-07-15 15:54:19,619 - INFO - Loaded configuration from config.yaml
2025-07-15 15:54:19,946 - INFO - Model created Sucesfully ...
2025-07-15 15:55:44,675 - INFO - Model training completed
2025-07-15 15:55:44,675 - WARNING - You are saving your model as an HDF5 file via `model.save()` or `keras.saving.save_model(model)`. This file format is considered legacy. We recommend using instead the native Keras format, e.g. `model.save('my_model.keras')` or `keras.saving.save_model(model, 'my_model.keras')`. 
2025-07-15 15:55:44,748 - INFO - Model save to artifacts/model\model.h5
2025-07-15 15:55:44,750 - INFO - Extracting weights for {name}
2025-07-15 15:55:44,756 - INFO - Extracting weights for {name}
2025-07-15 15:55:44,892 - INFO - User and anime weights are saved succesfully
2025-07-15 15:56:49,139 - WARNING - Retrying (Retry(total=2, connect=None, read=None, redirect=None, status=None)) after connection broken by 'ReadTimeoutError("HTTPSConnectionPool(host='www.comet.com', port=443): Read timed out. (read timeout=10)")': /clientlib/status-report/update
2025-07-15 15:57:00,270 - WARNING - Retrying (Retry(total=1, connect=None, read=None, redirect=None, status=None)) after connection broken by 'NameResolutionError("<urllib3.connection.HTTPSConnection object at 0x000001EE75D21290>: Failed to resolve 'www.comet.com' ([Errno 11001] getaddrinfo failed)")': /clientlib/status-report/update
2025-07-15 15:57:48,556 - WARNING - Retrying (Retry(total=2, connect=None, read=None, redirect=None, status=None)) after connection broken by 'ReadTimeoutError("HTTPSConnectionPool(host='www.comet.com', port=443): Read timed out. (read timeout=10)")': /clientlib/status-report/update
